<?xml version="1.0" encoding="UTF-8"?>

<beans xmlns="http://www.springframework.org/schema/beans"
	xmlns:xsi="http://www.w3.org/2001/XMLSchema-instance" xmlns:context="http://www.springframework.org/schema/context"
	xmlns:p="http://www.springframework.org/schema/p" xmlns:tx="http://www.springframework.org/schema/tx"
	xsi:schemaLocation="
            http://www.springframework.org/schema/beans
            http://www.springframework.org/schema/beans/spring-beans-2.5.xsd
             http://www.springframework.org/schema/context 
             http://www.springframework.org/schema/context/spring-context.xsd
             http://www.springframework.org/schema/tx  
           http://www.springframework.org/schema/tx/spring-tx.xsd">

	<context:component-scan base-package="com.profectus.invoices" />

	<bean id="dataSource"
		class="org.springframework.jdbc.datasource.DriverManagerDataSource">
		<property name="driverClassName" value="org.h2.Driver" />

		<!-- where the db will be placed (created automatically) -->
		<property name="url" value="jdbc:h2:/tmp/db/testdb" />
		<property name="username" value="sa" />
		<property name="password" value="" />
	</bean>

	<bean id="jpaAdaptor"
		class="org.springframework.orm.jpa.vendor.HibernateJpaVendorAdapter">
		<property name="showSql" value="false" />
		<!-- Let Hibernate generate the DDL for the schema -->
		<property name="generateDdl" value="true" />
		<property name="databasePlatform" value="org.hibernate.dialect.H2Dialect" />
	</bean>

	<bean id="jpaDialect" class="org.springframework.orm.jpa.vendor.HibernateJpaDialect" />

	<bean id="entityManagerFactory"
		class="org.springframework.orm.jpa.LocalContainerEntityManagerFactoryBean">
		<property name="persistenceXmlLocation" value="classpath:/persistence.xml" />
		<property name="persistenceUnitName" value="persistenceUnit" />
		<property name="dataSource" ref="dataSource" />
		<property name="jpaVendorAdapter" ref="jpaAdaptor" />
		<property name="jpaDialect" ref="jpaDialect" />
	</bean>
	
	<bean id="transactionManager" class="org.springframework.orm.jpa.JpaTransactionManager">
        <property name="entityManagerFactory" ref="entityManagerFactory" />
        <property name="dataSource" ref="dataSource" />
        <property name="jpaDialect" ref="jpaDialect" />
    </bean>

	<tx:annotation-driven transaction-manager="transactionManager" />
	<!-- <bean id="invoicesServices" class="com.profectus.invoices.services.InvoicesServices"> 
		</bean> -->

</beans>